<?xml version="1.0" encoding="UTF-8"?>
<!-- Generated by org.testng.reporters.JUnitReportReporter -->
<testsuite skipped="0" hostname="WINDOWS-1P4OCOH" name="org.com.TestCases.LoginpageTest" tests="3" failures="0" timestamp="2020-07-23T15:40:51 IST" time="56.463" errors="0">
  <testcase name="CRMlogoTest" time="19.923" classname="org.com.TestCases.LoginpageTest"/>
  <system-out/>
  <testcase name="CRMloginpageTitleTest" time="13.646" classname="org.com.TestCases.LoginpageTest"/>
  <system-out/>
  <testcase name="LoginValidationTest" time="22.894" classname="org.com.TestCases.LoginpageTest"/>
  <system-out/>
</testsuite> <!-- org.com.TestCases.LoginpageTest -->
